# JRE version: OpenJDK Runtime Environment (8.0_242-b01) (build 1.8.0_242-release-1644-b01)
# Java VM: OpenJDK 64-Bit Server VM (25.242-b01 mixed mode windows-amd64 compressed oops)
Heap:
 PSYoungGen      total 659968K, used 588799K [0x00000000d5580000, 0x00000000fff00000, 0x0000000100000000)
  eden space 625664K, 91% used [0x00000000d5580000,0x00000000f8445040,0x00000000fb880000)
  from space 34304K, 48% used [0x00000000fb880000,0x00000000fc8baf68,0x00000000fda00000)
  to   space 33280K, 0% used [0x00000000fde80000,0x00000000fde80000,0x00000000fff00000)
 ParOldGen       total 172032K, used 105657K [0x0000000080000000, 0x000000008a800000, 0x00000000d5580000)
  object space 172032K, 61% used [0x0000000080000000,0x000000008672e688,0x000000008a800000)
 Metaspace       used 118805K, capacity 125708K, committed 125848K, reserved 1159168K
  class space    used 15201K, capacity 16489K, committed 16560K, reserved 1048576K
GC Heap History (10 events):
Event: 1235.081 GC heap before
{Heap before GC invocations=32 (full 5):
 PSYoungGen      total 642560K, used 617984K [0x00000000d5580000, 0x0000000100000000, 0x0000000100000000)
  eden space 617984K, 100% used [0x00000000d5580000,0x00000000fb100000,0x00000000fb100000)
  from space 24576K, 0% used [0x00000000fe800000,0x00000000fe800000,0x0000000100000000)
  to   space 40448K, 0% used [0x00000000fb100000,0x00000000fb100000,0x00000000fd880000)
 ParOldGen       total 172032K, used 94363K [0x0000000080000000, 0x000000008a800000, 0x00000000d5580000)
  object space 172032K, 54% used [0x0000000080000000,0x0000000085c26c28,0x000000008a800000)
 Metaspace       used 112070K, capacity 117754K, committed 118424K, reserved 1153024K
  class space    used 14446K, capacity 15572K, committed 15792K, reserved 1048576K
Event: 1235.253 GC heap after
Heap after GC invocations=32 (full 5):
 PSYoungGen      total 658432K, used 6240K [0x00000000d5580000, 0x0000000100000000, 0x0000000100000000)
  eden space 617984K, 0% used [0x00000000d5580000,0x00000000d5580000,0x00000000fb100000)
  from space 40448K, 15% used [0x00000000fb100000,0x00000000fb718000,0x00000000fd880000)
  to   space 39424K, 0% used [0x00000000fd980000,0x00000000fd980000,0x0000000100000000)
 ParOldGen       total 172032K, used 94363K [0x0000000080000000, 0x000000008a800000, 0x00000000d5580000)
  object space 172032K, 54% used [0x0000000080000000,0x0000000085c26c28,0x000000008a800000)
 Metaspace       used 112070K, capacity 117754K, committed 118424K, reserved 1153024K
  class space    used 14446K, capacity 15572K, committed 15792K, reserved 1048576K
}
Event: 1238.361 GC heap before
{Heap before GC invocations=33 (full 5):
 PSYoungGen      total 658432K, used 624224K [0x00000000d5580000, 0x0000000100000000, 0x0000000100000000)
  eden space 617984K, 100% used [0x00000000d5580000,0x00000000fb100000,0x00000000fb100000)
  from space 40448K, 15% used [0x00000000fb100000,0x00000000fb718000,0x00000000fd880000)
  to   space 39424K, 0% used [0x00000000fd980000,0x00000000fd980000,0x0000000100000000)
 ParOldGen       total 172032K, used 94363K [0x0000000080000000, 0x000000008a800000, 0x00000000d5580000)
  object space 172032K, 54% used [0x0000000080000000,0x0000000085c26c28,0x000000008a800000)
 Metaspace       used 112301K, capacity 118008K, committed 118680K, reserved 1153024K
  class space    used 14475K, capacity 15609K, committed 15792K, reserved 1048576K
Event: 1238.393 GC heap after
Heap after GC invocations=33 (full 5):
 PSYoungGen      total 654336K, used 10619K [0x00000000d5580000, 0x00000000ffc00000, 0x0000000100000000)
  eden space 619008K, 0% used [0x00000000d5580000,0x00000000d5580000,0x00000000fb200000)
  from space 35328K, 30% used [0x00000000fd980000,0x00000000fe3deea0,0x00000000ffc00000)
  to   space 37888K, 0% used [0x00000000fb200000,0x00000000fb200000,0x00000000fd700000)
 ParOldGen       total 172032K, used 98667K [0x0000000080000000, 0x000000008a800000, 0x00000000d5580000)
  object space 172032K, 57% used [0x0000000080000000,0x000000008605aee0,0x000000008a800000)
 Metaspace       used 112301K, capacity 118008K, committed 118680K, reserved 1153024K
  class space    used 14475K, capacity 15609K, committed 15792K, reserved 1048576K
}
Event: 1239.436 GC heap before
{Heap before GC invocations=34 (full 5):
 PSYoungGen      total 654336K, used 629627K [0x00000000d5580000, 0x00000000ffc00000, 0x0000000100000000)
  eden space 619008K, 100% used [0x00000000d5580000,0x00000000fb200000,0x00000000fb200000)
  from space 35328K, 30% used [0x00000000fd980000,0x00000000fe3deea0,0x00000000ffc00000)
  to   space 37888K, 0% used [0x00000000fb200000,0x00000000fb200000,0x00000000fd700000)
 ParOldGen       total 172032K, used 98667K [0x0000000080000000, 0x000000008a800000, 0x00000000d5580000)
  object space 172032K, 57% used [0x0000000080000000,0x000000008605aee0,0x000000008a800000)
 Metaspace       used 112410K, capacity 118090K, committed 118680K, reserved 1153024K
  class space    used 14481K, capacity 15620K, committed 15792K, reserved 1048576K
Event: 1239.462 GC heap after
Heap after GC invocations=34 (full 5):
 PSYoungGen      total 656896K, used 14106K [0x00000000d5580000, 0x00000000ffd80000, 0x0000000100000000)
  eden space 619008K, 0% used [0x00000000d5580000,0x00000000d5580000,0x00000000fb200000)
  from space 37888K, 37% used [0x00000000fb200000,0x00000000fbfc6b90,0x00000000fd700000)
  to   space 35328K, 0% used [0x00000000fdb00000,0x00000000fdb00000,0x00000000ffd80000)
 ParOldGen       total 172032K, used 103324K [0x0000000080000000, 0x000000008a800000, 0x00000000d5580000)
  object space 172032K, 60% used [0x0000000080000000,0x00000000864e73a8,0x000000008a800000)
 Metaspace       used 112410K, capacity 118090K, committed 118680K, reserved 1153024K
  class space    used 14481K, capacity 15620K, committed 15792K, reserved 1048576K
}
Event: 1241.081 GC heap before
{Heap before GC invocations=35 (full 5):
 PSYoungGen      total 656896K, used 633114K [0x00000000d5580000, 0x00000000ffd80000, 0x0000000100000000)
  eden space 619008K, 100% used [0x00000000d5580000,0x00000000fb200000,0x00000000fb200000)
  from space 37888K, 37% used [0x00000000fb200000,0x00000000fbfc6b90,0x00000000fd700000)
  to   space 35328K, 0% used [0x00000000fdb00000,0x00000000fdb00000,0x00000000ffd80000)
 ParOldGen       total 172032K, used 103324K [0x0000000080000000, 0x000000008a800000, 0x00000000d5580000)
  object space 172032K, 60% used [0x0000000080000000,0x00000000864e73a8,0x000000008a800000)
 Metaspace       used 112434K, capacity 118158K, committed 118680K, reserved 1153024K
  class space    used 14481K, capacity 15620K, committed 15792K, reserved 1048576K
Event: 1241.090 GC heap after
Heap after GC invocations=35 (full 5):
 PSYoungGen      total 658944K, used 8937K [0x00000000d5580000, 0x00000000ffb80000, 0x0000000100000000)
  eden space 625664K, 0% used [0x00000000d5580000,0x00000000d5580000,0x00000000fb880000)
  from space 33280K, 26% used [0x00000000fdb00000,0x00000000fe3ba618,0x00000000ffb80000)
  to   space 34304K, 0% used [0x00000000fb880000,0x00000000fb880000,0x00000000fda00000)
 ParOldGen       total 172032K, used 105593K [0x0000000080000000, 0x000000008a800000, 0x00000000d5580000)
  object space 172032K, 61% used [0x0000000080000000,0x000000008671e688,0x000000008a800000)
 Metaspace       used 112434K, capacity 118158K, committed 118680K, reserved 1153024K
  class space    used 14481K, capacity 15620K, committed 15792K, reserved 1048576K
}
Event: 12844.864 GC heap before
{Heap before GC invocations=36 (full 5):
 PSYoungGen      total 658944K, used 634601K [0x00000000d5580000, 0x00000000ffb80000, 0x0000000100000000)
  eden space 625664K, 100% used [0x00000000d5580000,0x00000000fb880000,0x00000000fb880000)
  from space 33280K, 26% used [0x00000000fdb00000,0x00000000fe3ba618,0x00000000ffb80000)
  to   space 34304K, 0% used [0x00000000fb880000,0x00000000fb880000,0x00000000fda00000)
 ParOldGen       total 172032K, used 105593K [0x0000000080000000, 0x000000008a800000, 0x00000000d5580000)
  object space 172032K, 61% used [0x0000000080000000,0x000000008671e688,0x000000008a800000)
 Metaspace       used 115715K, capacity 122038K, committed 122392K, reserved 1155072K
  class space    used 14842K, capacity 16057K, committed 16176K, reserved 1048576K
Event: 12862.186 GC heap after
Heap after GC invocations=36 (full 5):
 PSYoungGen      total 659968K, used 16619K [0x00000000d5580000, 0x00000000fff00000, 0x0000000100000000)
  eden space 625664K, 0% used [0x00000000d5580000,0x00000000d5580000,0x00000000fb880000)
  from space 34304K, 48% used [0x00000000fb880000,0x00000000fc8baf68,0x00000000fda00000)
  to   space 33280K, 0% used [0x00000000fde80000,0x00000000fde80000,0x00000000fff00000)
 ParOldGen       total 172032K, used 105657K [0x0000000080000000, 0x000000008a800000, 0x00000000d5580000)
  object space 172032K, 61% used [0x0000000080000000,0x000000008672e688,0x000000008a800000)
 Metaspace       used 115715K, capacity 122038K, committed 122392K, reserved 1155072K
  class space    used 14842K, capacity 16057K, committed 16176K, reserved 1048576K
}

